Using pre-set license
Built from '2020.2/release' branch; Version is '2020.2.0f1 (3721df5a8b28) revision 3613151'; Using compiler version '192528614'; Build Type 'Release'
OS: 'Windows 10  (10.0.0) 64bit' Language: 'en' Physical Memory: 16263 MB
BatchMode: 1, IsHumanControllingUs: 0, StartBugReporterOnCrash: 0, Is64bit: 1, IsPro: 0

 COMMAND LINE ARGUMENTS:
C:\Program Files\Unity\Hub\Editor\2020.2.0f1\Editor\Unity.exe
-adb2
-batchMode
-noUpm
-name
AssetImportWorker0
-projectPath
C:/Users/khiew/Desktop/FunctionRendering
-logFile
Logs/AssetImportWorker0.log
-srvPort
49315
Successfully changed project path to: C:/Users/khiew/Desktop/FunctionRendering
C:/Users/khiew/Desktop/FunctionRendering
Using Asset Import Pipeline V2.
Refreshing native plugins compatible for Editor in 24.45 ms, found 0 plugins.
Preloading 0 native plugins for Editor in 0.00 ms.
Initialize engine version: 2020.2.0f1 (3721df5a8b28)
[Subsystems] Discovering subsystems at path C:/Program Files/Unity/Hub/Editor/2020.2.0f1/Editor/Data/Resources/UnitySubsystems
[Subsystems] Discovering subsystems at path C:/Users/khiew/Desktop/FunctionRendering/Assets
GfxDevice: creating device client; threaded=0
Direct3D:
    Version:  Direct3D 11.0 [level 11.1]
    Renderer: NVIDIA GeForce RTX 2060 (ID=0x1f11)
    Vendor:   
    VRAM:     5980 MB
    Driver:   27.21.14.5206
Initialize mono
Mono path[0] = 'C:/Program Files/Unity/Hub/Editor/2020.2.0f1/Editor/Data/Managed'
Mono path[1] = 'C:/Program Files/Unity/Hub/Editor/2020.2.0f1/Editor/Data/MonoBleedingEdge/lib/mono/unityjit'
Mono config path = 'C:/Program Files/Unity/Hub/Editor/2020.2.0f1/Editor/Data/MonoBleedingEdge/etc'
Using monoOptions --debugger-agent=transport=dt_socket,embedding=1,server=y,suspend=n,address=127.0.0.1:56952
Begin MonoManager ReloadAssembly
Registering precompiled unity dll's ...
Register platform support module: C:/Program Files/Unity/Hub/Editor/2020.2.0f1/Editor/Data/PlaybackEngines/WindowsStandaloneSupport/UnityEditor.WindowsStandalone.Extensions.dll
Registered in 0.001628 seconds.
Native extension for WindowsStandalone target not found
Refreshing native plugins compatible for Editor in 22.26 ms, found 0 plugins.
Preloading 0 native plugins for Editor in 0.00 ms.
Invoked RoslynAnalysisRunner static constructor.
RoslynAnalysisRunner will not be running.
RoslynAnalysisRunner has terminated.
Mono: successfully reloaded assembly
- Completed reload, in  1.935 seconds
Platform modules already initialized, skipping
Registering precompiled user dll's ...
Registered in 0.002870 seconds.
Begin MonoManager ReloadAssembly
Native extension for WindowsStandalone target not found
Refreshing native plugins compatible for Editor in 0.25 ms, found 0 plugins.
Preloading 0 native plugins for Editor in 0.00 ms.
Invoked RoslynAnalysisRunner static constructor.
RoslynAnalysisRunner will not be running.
RoslynAnalysisRunner has terminated.
Mono: successfully reloaded assembly
- Completed reload, in  0.835 seconds
Platform modules already initialized, skipping
========================================================================
Worker process is ready to serve import requests
Launched and connected shader compiler UnityShaderCompiler.exe after 0.05 seconds
Refreshing native plugins compatible for Editor in 0.23 ms, found 0 plugins.
Preloading 0 native plugins for Editor in 0.00 ms.
Unloading 1159 Unused Serialized files (Serialized files now loaded: 0)
System memory in use before: 61.3 MB.
System memory in use after: 61.3 MB.

Unloading 17 unused Assets to reduce memory usage. Loaded Objects now: 1596.
Total: 1.803000 ms (FindLiveObjects: 0.149000 ms CreateObjectMapping: 0.032700 ms MarkObjects: 1.563400 ms  DeleteObjects: 0.053800 ms)

========================================================================
Received Import Request.
  path: Assets/Assets/StandaloneFileBrowser/Sample
  artifactKey: Guid(3f5dfc38c7ff8490b8d3d8c600024d7f) Importer(815301076,1909f56bfc062723c751e8b465ee728b)
Start importing Assets/Assets/StandaloneFileBrowser/Sample using Guid(3f5dfc38c7ff8490b8d3d8c600024d7f) Importer(815301076,1909f56bfc062723c751e8b465ee728b)  -> (artifact id: 'd5a328787cc2749053602e9bf8114ce8') in 0.008170 seconds
  Import took 0.017446 seconds .

========================================================================
Received Import Request.
  Time since last request: 2.161593 seconds.
  path: Assets/Assets/RuntimeCompile/CustomReportPrinter.cs
  artifactKey: Guid(df5e509bcfa62d242bf7666e6c1998ce) Importer(815301076,1909f56bfc062723c751e8b465ee728b)
Start importing Assets/Assets/RuntimeCompile/CustomReportPrinter.cs using Guid(df5e509bcfa62d242bf7666e6c1998ce) Importer(815301076,1909f56bfc062723c751e8b465ee728b)  -> (artifact id: 'cd668069bfb200ce4c37f611696cf486') in 0.041126 seconds
  Import took 0.043103 seconds .

========================================================================
Received Import Request.
  Time since last request: 0.003259 seconds.
  path: Assets/Assets/RuntimeCompile/CustomReportPrinter.cs
  artifactKey: Guid(df5e509bcfa62d242bf7666e6c1998ce) Importer(815301076,1909f56bfc062723c751e8b465ee728b)
Start importing Assets/Assets/RuntimeCompile/CustomReportPrinter.cs using Guid(df5e509bcfa62d242bf7666e6c1998ce) Importer(815301076,1909f56bfc062723c751e8b465ee728b)  -> (artifact id: 'cd668069bfb200ce4c37f611696cf486') in 0.003301 seconds
  Import took 0.005439 seconds .

========================================================================
Received Import Request.
  Time since last request: 2.000942 seconds.
  path: Assets/Assets/StandaloneFileBrowser/ReadMe.txt
  artifactKey: Guid(ce4131cee88a8ee4caa22d86b13acd5d) Importer(815301076,1909f56bfc062723c751e8b465ee728b)
Start importing Assets/Assets/StandaloneFileBrowser/ReadMe.txt using Guid(ce4131cee88a8ee4caa22d86b13acd5d) Importer(815301076,1909f56bfc062723c751e8b465ee728b)  -> (artifact id: '6d43b9b0f0d97e401621f8b50445d6e0') in 0.019704 seconds
  Import took 0.021643 seconds .

========================================================================
Received Import Request.
  Time since last request: 0.001911 seconds.
  path: Assets/Assets/StandaloneFileBrowser/ReadMe.txt
  artifactKey: Guid(ce4131cee88a8ee4caa22d86b13acd5d) Importer(815301076,1909f56bfc062723c751e8b465ee728b)
Start importing Assets/Assets/StandaloneFileBrowser/ReadMe.txt using Guid(ce4131cee88a8ee4caa22d86b13acd5d) Importer(815301076,1909f56bfc062723c751e8b465ee728b)  -> (artifact id: '6d43b9b0f0d97e401621f8b50445d6e0') in 0.003085 seconds
  Import took 0.004934 seconds .

========================================================================
Received Import Request.
  Time since last request: 0.724785 seconds.
  path: Assets/Assets/StandaloneFileBrowser/LICENSE.txt
  artifactKey: Guid(edece58b4b1d4d642b909765203e6dbb) Importer(815301076,1909f56bfc062723c751e8b465ee728b)
Start importing Assets/Assets/StandaloneFileBrowser/LICENSE.txt using Guid(edece58b4b1d4d642b909765203e6dbb) Importer(815301076,1909f56bfc062723c751e8b465ee728b)  -> (artifact id: 'abfbf145effb6643de04f72b8f4da8e8') in 0.008383 seconds
  Import took 0.010554 seconds .

========================================================================
Received Import Request.
  Time since last request: 0.005138 seconds.
  path: Assets/Assets/StandaloneFileBrowser/LICENSE.txt
  artifactKey: Guid(edece58b4b1d4d642b909765203e6dbb) Importer(815301076,1909f56bfc062723c751e8b465ee728b)
Start importing Assets/Assets/StandaloneFileBrowser/LICENSE.txt using Guid(edece58b4b1d4d642b909765203e6dbb) Importer(815301076,1909f56bfc062723c751e8b465ee728b)  -> (artifact id: 'abfbf145effb6643de04f72b8f4da8e8') in 0.003424 seconds
  Import took 0.005626 seconds .

========================================================================
Received Import Request.
  Time since last request: 6.753400 seconds.
  path: Assets/Assets/StandaloneFileBrowser/IStandaloneFileBrowser.cs
  artifactKey: Guid(7609f7b6787a54496aa41a3053fcc76a) Importer(815301076,1909f56bfc062723c751e8b465ee728b)
Start importing Assets/Assets/StandaloneFileBrowser/IStandaloneFileBrowser.cs using Guid(7609f7b6787a54496aa41a3053fcc76a) Importer(815301076,1909f56bfc062723c751e8b465ee728b)  -> (artifact id: '133466e3ae5214c7fbfba46183b810b9') in 0.006658 seconds
  Import took 0.010884 seconds .

========================================================================
Received Import Request.
  Time since last request: 0.001053 seconds.
  path: Assets/Assets/StandaloneFileBrowser/IStandaloneFileBrowser.cs
  artifactKey: Guid(7609f7b6787a54496aa41a3053fcc76a) Importer(815301076,1909f56bfc062723c751e8b465ee728b)
Start importing Assets/Assets/StandaloneFileBrowser/IStandaloneFileBrowser.cs using Guid(7609f7b6787a54496aa41a3053fcc76a) Importer(815301076,1909f56bfc062723c751e8b465ee728b)  -> (artifact id: '133466e3ae5214c7fbfba46183b810b9') in 0.003662 seconds
  Import took 0.005725 seconds .

========================================================================
Received Import Request.
  Time since last request: 3.196835 seconds.
  path: Assets/Assets/RuntimeCompile/Readme.txt
  artifactKey: Guid(917bd8ca6c3e6a844b24cb8f977f39fd) Importer(815301076,1909f56bfc062723c751e8b465ee728b)
Start importing Assets/Assets/RuntimeCompile/Readme.txt using Guid(917bd8ca6c3e6a844b24cb8f977f39fd) Importer(815301076,1909f56bfc062723c751e8b465ee728b)  -> (artifact id: '814298e9f678c1fc20e124da561c571d') in 0.007416 seconds
  Import took 0.009358 seconds .

========================================================================
Received Import Request.
  Time since last request: 0.003652 seconds.
  path: Assets/Assets/RuntimeCompile/Readme.txt
  artifactKey: Guid(917bd8ca6c3e6a844b24cb8f977f39fd) Importer(815301076,1909f56bfc062723c751e8b465ee728b)
Start importing Assets/Assets/RuntimeCompile/Readme.txt using Guid(917bd8ca6c3e6a844b24cb8f977f39fd) Importer(815301076,1909f56bfc062723c751e8b465ee728b)  -> (artifact id: '814298e9f678c1fc20e124da561c571d') in 0.003343 seconds
  Import took 0.005467 seconds .

========================================================================
Received Import Request.
  Time since last request: 4.609206 seconds.
  path: Assets/Assets/Resources/Programmable_Color.shader
  artifactKey: Guid(4074d4456e040bb4488198cd1baba3aa) Importer(815301076,1909f56bfc062723c751e8b465ee728b)
Start importing Assets/Assets/Resources/Programmable_Color.shader using Guid(4074d4456e040bb4488198cd1baba3aa) Importer(815301076,1909f56bfc062723c751e8b465ee728b)  -> (artifact id: '247ff3bdf1c2503a0826612b75379bfb') in 0.008447 seconds
  Import took 0.010246 seconds .

========================================================================
Received Import Request.
  Time since last request: 0.005014 seconds.
  path: Assets/Assets/Resources/Programmable_Color.shader
  artifactKey: Guid(4074d4456e040bb4488198cd1baba3aa) Importer(815301076,1909f56bfc062723c751e8b465ee728b)
Start importing Assets/Assets/Resources/Programmable_Color.shader using Guid(4074d4456e040bb4488198cd1baba3aa) Importer(815301076,1909f56bfc062723c751e8b465ee728b)  -> (artifact id: '247ff3bdf1c2503a0826612b75379bfb') in 0.003001 seconds
  Import took 0.004972 seconds .

========================================================================
Received Import Request.
  Time since last request: 4.046118 seconds.
  path: Assets/Assets/FunctionRendering/MainNewUI 2Settings.lighting
  artifactKey: Guid(47a819d14f820424897ec9554ca36cf8) Importer(815301076,1909f56bfc062723c751e8b465ee728b)
Start importing Assets/Assets/FunctionRendering/MainNewUI 2Settings.lighting using Guid(47a819d14f820424897ec9554ca36cf8) Importer(815301076,1909f56bfc062723c751e8b465ee728b)  -> (artifact id: '87f1af4e6f41e7292af4f72473732906') in 0.009700 seconds
  Import took 0.011383 seconds .

========================================================================
Received Import Request.
  Time since last request: 0.014347 seconds.
  path: Assets/Assets/FunctionRendering/MainNewUI 2Settings.lighting
  artifactKey: Guid(47a819d14f820424897ec9554ca36cf8) Importer(815301076,1909f56bfc062723c751e8b465ee728b)
Start importing Assets/Assets/FunctionRendering/MainNewUI 2Settings.lighting using Guid(47a819d14f820424897ec9554ca36cf8) Importer(815301076,1909f56bfc062723c751e8b465ee728b)  -> (artifact id: '87f1af4e6f41e7292af4f72473732906') in 0.003708 seconds
  Import took 0.005745 seconds .

========================================================================
Received Import Request.
  Time since last request: 29.401616 seconds.
  path: Assets/Assets/FunctionRendering/Camera
  artifactKey: Guid(37aaed3c36a93e249953dd9c8667da29) Importer(815301076,1909f56bfc062723c751e8b465ee728b)
Start importing Assets/Assets/FunctionRendering/Camera using Guid(37aaed3c36a93e249953dd9c8667da29) Importer(815301076,1909f56bfc062723c751e8b465ee728b)  -> (artifact id: 'b7028f2e0603d35fadb73c828d0d6797') in 0.006710 seconds
  Import took 0.008815 seconds .

========================================================================
Received Import Request.
  Time since last request: 0.511680 seconds.
  path: Assets/Assets/FunctionRendering/Camera/EditorCamera.cs
  artifactKey: Guid(7c2303e8aba3c2f46a67088490bd8f7a) Importer(815301076,1909f56bfc062723c751e8b465ee728b)
Start importing Assets/Assets/FunctionRendering/Camera/EditorCamera.cs using Guid(7c2303e8aba3c2f46a67088490bd8f7a) Importer(815301076,1909f56bfc062723c751e8b465ee728b)  -> (artifact id: '65681263398404325b44c7b8900b3cc3') in 0.006641 seconds
  Import took 0.008610 seconds .

========================================================================
Received Import Request.
  Time since last request: 0.033975 seconds.
  path: Assets/Assets/FunctionRendering/Camera/EditorCamera.cs
  artifactKey: Guid(7c2303e8aba3c2f46a67088490bd8f7a) Importer(815301076,1909f56bfc062723c751e8b465ee728b)
Start importing Assets/Assets/FunctionRendering/Camera/EditorCamera.cs using Guid(7c2303e8aba3c2f46a67088490bd8f7a) Importer(815301076,1909f56bfc062723c751e8b465ee728b)  -> (artifact id: '65681263398404325b44c7b8900b3cc3') in 0.003103 seconds
  Import took 0.004960 seconds .

========================================================================
Received Import Request.
  Time since last request: 0.271120 seconds.
  path: Assets/Assets/FunctionRendering/Camera/MouseOverUI.cs
  artifactKey: Guid(eb31405da4faf6345a2f54a437dfc424) Importer(815301076,1909f56bfc062723c751e8b465ee728b)
Start importing Assets/Assets/FunctionRendering/Camera/MouseOverUI.cs using Guid(eb31405da4faf6345a2f54a437dfc424) Importer(815301076,1909f56bfc062723c751e8b465ee728b)  -> (artifact id: '43df88f91e81cf23ec608a439ae0ebe9') in 0.007510 seconds
  Import took 0.009908 seconds .

========================================================================
Received Import Request.
  Time since last request: 0.005198 seconds.
  path: Assets/Assets/FunctionRendering/Camera/MouseOverUI.cs
  artifactKey: Guid(eb31405da4faf6345a2f54a437dfc424) Importer(815301076,1909f56bfc062723c751e8b465ee728b)
Start importing Assets/Assets/FunctionRendering/Camera/MouseOverUI.cs using Guid(eb31405da4faf6345a2f54a437dfc424) Importer(815301076,1909f56bfc062723c751e8b465ee728b)  -> (artifact id: '43df88f91e81cf23ec608a439ae0ebe9') in 0.003071 seconds
  Import took 0.004954 seconds .

========================================================================
Received Prepare
Registering precompiled user dll's ...
Registered in 0.002824 seconds.
Begin MonoManager ReloadAssembly
Native extension for WindowsStandalone target not found
Refreshing native plugins compatible for Editor in 0.24 ms, found 0 plugins.
Preloading 0 native plugins for Editor in 0.00 ms.
Invoked RoslynAnalysisRunner static constructor.
RoslynAnalysisRunner will not be running.
RoslynAnalysisRunner has terminated.
Mono: successfully reloaded assembly
- Completed reload, in  0.771 seconds
Platform modules already initialized, skipping
Refreshing native plugins compatible for Editor in 0.25 ms, found 0 plugins.
Preloading 0 native plugins for Editor in 0.00 ms.
Unloading 1136 Unused Serialized files (Serialized files now loaded: 0)
System memory in use before: 59.9 MB.
System memory in use after: 60.0 MB.

Unloading 12 unused Assets to reduce memory usage. Loaded Objects now: 1598.
Total: 1.525700 ms (FindLiveObjects: 0.143200 ms CreateObjectMapping: 0.038600 ms MarkObjects: 1.303700 ms  DeleteObjects: 0.039200 ms)

========================================================================
Received Prepare
Registering precompiled user dll's ...
Registered in 0.002765 seconds.
Begin MonoManager ReloadAssembly
Native extension for WindowsStandalone target not found
Refreshing native plugins compatible for Editor in 0.26 ms, found 0 plugins.
Preloading 0 native plugins for Editor in 0.00 ms.
Invoked RoslynAnalysisRunner static constructor.
RoslynAnalysisRunner will not be running.
RoslynAnalysisRunner has terminated.
Mono: successfully reloaded assembly
- Completed reload, in  0.968 seconds
Platform modules already initialized, skipping
Refreshing native plugins compatible for Editor in 0.26 ms, found 0 plugins.
Preloading 0 native plugins for Editor in 0.00 ms.
Unloading 1136 Unused Serialized files (Serialized files now loaded: 0)
System memory in use before: 60.0 MB.
System memory in use after: 60.1 MB.

Unloading 12 unused Assets to reduce memory usage. Loaded Objects now: 1600.
Total: 1.832300 ms (FindLiveObjects: 0.155800 ms CreateObjectMapping: 0.038000 ms MarkObjects: 1.594600 ms  DeleteObjects: 0.043000 ms)

========================================================================
Received Import Request.
  Time since last request: 1505.578328 seconds.
  path: Assets/Assets/FunctionRendering/Camera/EditorCamera.cs
  artifactKey: Guid(7c2303e8aba3c2f46a67088490bd8f7a) Importer(815301076,1909f56bfc062723c751e8b465ee728b)
Start importing Assets/Assets/FunctionRendering/Camera/EditorCamera.cs using Guid(7c2303e8aba3c2f46a67088490bd8f7a) Importer(815301076,1909f56bfc062723c751e8b465ee728b)  -> (artifact id: '139ee16bd2fa04ae5a5e567ce8cba2fd') in 0.006072 seconds
  Import took 0.008191 seconds .

========================================================================
Received Import Request.
  Time since last request: 0.032372 seconds.
  path: Assets/Assets/FunctionRendering/Camera/EditorCamera.cs
  artifactKey: Guid(7c2303e8aba3c2f46a67088490bd8f7a) Importer(815301076,1909f56bfc062723c751e8b465ee728b)
Start importing Assets/Assets/FunctionRendering/Camera/EditorCamera.cs using Guid(7c2303e8aba3c2f46a67088490bd8f7a) Importer(815301076,1909f56bfc062723c751e8b465ee728b)  -> (artifact id: '139ee16bd2fa04ae5a5e567ce8cba2fd') in 0.003471 seconds
  Import took 0.005314 seconds .

========================================================================
Received Prepare
Registering precompiled user dll's ...
Registered in 0.002684 seconds.
Begin MonoManager ReloadAssembly
Native extension for WindowsStandalone target not found
Refreshing native plugins compatible for Editor in 0.25 ms, found 0 plugins.
Preloading 0 native plugins for Editor in 0.00 ms.
Invoked RoslynAnalysisRunner static constructor.
RoslynAnalysisRunner will not be running.
RoslynAnalysisRunner has terminated.
Mono: successfully reloaded assembly
- Completed reload, in  0.862 seconds
Platform modules already initialized, skipping
Refreshing native plugins compatible for Editor in 0.23 ms, found 0 plugins.
Preloading 0 native plugins for Editor in 0.00 ms.
Unloading 1136 Unused Serialized files (Serialized files now loaded: 0)
System memory in use before: 60.2 MB.
System memory in use after: 60.2 MB.

Unloading 12 unused Assets to reduce memory usage. Loaded Objects now: 1602.
Total: 1.700300 ms (FindLiveObjects: 0.190800 ms CreateObjectMapping: 0.049800 ms MarkObjects: 1.416000 ms  DeleteObjects: 0.042700 ms)

========================================================================
Received Import Request.
  Time since last request: 13.399601 seconds.
  path: Assets/Assets/FunctionRendering/Camera/EditorCamera.cs
  artifactKey: Guid(7c2303e8aba3c2f46a67088490bd8f7a) Importer(815301076,1909f56bfc062723c751e8b465ee728b)
Start importing Assets/Assets/FunctionRendering/Camera/EditorCamera.cs using Guid(7c2303e8aba3c2f46a67088490bd8f7a) Importer(815301076,1909f56bfc062723c751e8b465ee728b)  -> (artifact id: 'ca73db5f131ddb301056e288137ed676') in 0.004998 seconds
  Import took 0.006907 seconds .

========================================================================
Received Import Request.
  Time since last request: 1.842925 seconds.
  path: Assets/Assets/FunctionRendering/Camera/EditorCamera.cs
  artifactKey: Guid(7c2303e8aba3c2f46a67088490bd8f7a) Importer(815301076,1909f56bfc062723c751e8b465ee728b)
Start importing Assets/Assets/FunctionRendering/Camera/EditorCamera.cs using Guid(7c2303e8aba3c2f46a67088490bd8f7a) Importer(815301076,1909f56bfc062723c751e8b465ee728b)  -> (artifact id: 'ca73db5f131ddb301056e288137ed676') in 0.003576 seconds
  Import took 0.005299 seconds .

========================================================================
Received Prepare
Registering precompiled user dll's ...
Registered in 0.002578 seconds.
Begin MonoManager ReloadAssembly
Native extension for WindowsStandalone target not found
Refreshing native plugins compatible for Editor in 0.24 ms, found 0 plugins.
Preloading 0 native plugins for Editor in 0.00 ms.
Invoked RoslynAnalysisRunner static constructor.
RoslynAnalysisRunner will not be running.
RoslynAnalysisRunner has terminated.
Mono: successfully reloaded assembly
- Completed reload, in  0.842 seconds
Platform modules already initialized, skipping
Refreshing native plugins compatible for Editor in 0.25 ms, found 0 plugins.
Preloading 0 native plugins for Editor in 0.00 ms.
Unloading 1136 Unused Serialized files (Serialized files now loaded: 0)
System memory in use before: 60.3 MB.
System memory in use after: 60.4 MB.

Unloading 12 unused Assets to reduce memory usage. Loaded Objects now: 1604.
Total: 1.545100 ms (FindLiveObjects: 0.114800 ms CreateObjectMapping: 0.032600 ms MarkObjects: 1.357400 ms  DeleteObjects: 0.039400 ms)

========================================================================
Received Prepare
Registering precompiled user dll's ...
Registered in 0.002866 seconds.
Begin MonoManager ReloadAssembly
Native extension for WindowsStandalone target not found
Refreshing native plugins compatible for Editor in 0.25 ms, found 0 plugins.
Preloading 0 native plugins for Editor in 0.00 ms.
Invoked RoslynAnalysisRunner static constructor.
RoslynAnalysisRunner will not be running.
RoslynAnalysisRunner has terminated.
Mono: successfully reloaded assembly
- Completed reload, in  0.857 seconds
Platform modules already initialized, skipping
Refreshing native plugins compatible for Editor in 0.24 ms, found 0 plugins.
Preloading 0 native plugins for Editor in 0.00 ms.
Unloading 1136 Unused Serialized files (Serialized files now loaded: 0)
System memory in use before: 60.4 MB.
System memory in use after: 60.5 MB.

Unloading 12 unused Assets to reduce memory usage. Loaded Objects now: 1606.
Total: 1.583600 ms (FindLiveObjects: 0.160800 ms CreateObjectMapping: 0.031400 ms MarkObjects: 1.356600 ms  DeleteObjects: 0.034100 ms)

========================================================================
Received Prepare
Registering precompiled user dll's ...
Registered in 0.002698 seconds.
Begin MonoManager ReloadAssembly
Native extension for WindowsStandalone target not found
Refreshing native plugins compatible for Editor in 0.24 ms, found 0 plugins.
Preloading 0 native plugins for Editor in 0.00 ms.
Invoked RoslynAnalysisRunner static constructor.
RoslynAnalysisRunner will not be running.
RoslynAnalysisRunner has terminated.
Mono: successfully reloaded assembly
- Completed reload, in  0.840 seconds
Platform modules already initialized, skipping
Refreshing native plugins compatible for Editor in 0.25 ms, found 0 plugins.
Preloading 0 native plugins for Editor in 0.00 ms.
Unloading 1136 Unused Serialized files (Serialized files now loaded: 0)
System memory in use before: 60.5 MB.
System memory in use after: 60.6 MB.

Unloading 12 unused Assets to reduce memory usage. Loaded Objects now: 1608.
Total: 1.843600 ms (FindLiveObjects: 0.130800 ms CreateObjectMapping: 0.033500 ms MarkObjects: 1.639700 ms  DeleteObjects: 0.038600 ms)

========================================================================
Received Import Request.
  Time since last request: 113.225026 seconds.
  path: Assets/Assets/FunctionRendering/Camera/EditorCamera.cs
  artifactKey: Guid(7c2303e8aba3c2f46a67088490bd8f7a) Importer(815301076,1909f56bfc062723c751e8b465ee728b)
Start importing Assets/Assets/FunctionRendering/Camera/EditorCamera.cs using Guid(7c2303e8aba3c2f46a67088490bd8f7a) Importer(815301076,1909f56bfc062723c751e8b465ee728b)  -> (artifact id: '20254858dbaffb39b1c4eda926a9b103') in 0.005803 seconds
  Import took 0.007769 seconds .

========================================================================
Received Import Request.
  Time since last request: 0.005572 seconds.
  path: Assets/Assets/FunctionRendering/Camera/EditorCamera.cs
  artifactKey: Guid(7c2303e8aba3c2f46a67088490bd8f7a) Importer(815301076,1909f56bfc062723c751e8b465ee728b)
Start importing Assets/Assets/FunctionRendering/Camera/EditorCamera.cs using Guid(7c2303e8aba3c2f46a67088490bd8f7a) Importer(815301076,1909f56bfc062723c751e8b465ee728b)  -> (artifact id: '20254858dbaffb39b1c4eda926a9b103') in 0.003478 seconds
  Import took 0.005201 seconds .

========================================================================
Received Prepare
Registering precompiled user dll's ...
Registered in 0.002733 seconds.
Begin MonoManager ReloadAssembly
Native extension for WindowsStandalone target not found
Refreshing native plugins compatible for Editor in 0.25 ms, found 0 plugins.
Preloading 0 native plugins for Editor in 0.00 ms.
Invoked RoslynAnalysisRunner static constructor.
RoslynAnalysisRunner will not be running.
RoslynAnalysisRunner has terminated.
Mono: successfully reloaded assembly
- Completed reload, in  0.806 seconds
Platform modules already initialized, skipping
Refreshing native plugins compatible for Editor in 0.24 ms, found 0 plugins.
Preloading 0 native plugins for Editor in 0.00 ms.
Unloading 1136 Unused Serialized files (Serialized files now loaded: 0)
System memory in use before: 60.6 MB.
System memory in use after: 60.7 MB.

Unloading 12 unused Assets to reduce memory usage. Loaded Objects now: 1610.
Total: 1.682600 ms (FindLiveObjects: 0.134300 ms CreateObjectMapping: 0.038500 ms MarkObjects: 1.466400 ms  DeleteObjects: 0.042600 ms)

========================================================================
Received Prepare
Registering precompiled user dll's ...
Registered in 0.002542 seconds.
Begin MonoManager ReloadAssembly
Native extension for WindowsStandalone target not found
Refreshing native plugins compatible for Editor in 0.27 ms, found 0 plugins.
Preloading 0 native plugins for Editor in 0.00 ms.
Invoked RoslynAnalysisRunner static constructor.
RoslynAnalysisRunner will not be running.
RoslynAnalysisRunner has terminated.
Mono: successfully reloaded assembly
- Completed reload, in  0.802 seconds
Platform modules already initialized, skipping
Refreshing native plugins compatible for Editor in 0.25 ms, found 0 plugins.
Preloading 0 native plugins for Editor in 0.00 ms.
Unloading 1136 Unused Serialized files (Serialized files now loaded: 0)
System memory in use before: 60.8 MB.
System memory in use after: 60.8 MB.

Unloading 12 unused Assets to reduce memory usage. Loaded Objects now: 1612.
Total: 1.608300 ms (FindLiveObjects: 0.185000 ms CreateObjectMapping: 0.059300 ms MarkObjects: 1.323600 ms  DeleteObjects: 0.039500 ms)

========================================================================
Received Import Request.
  Time since last request: 148.759264 seconds.
  path: Assets/Assets/FunctionRendering/Camera/EditorCamera.cs
  artifactKey: Guid(7c2303e8aba3c2f46a67088490bd8f7a) Importer(815301076,1909f56bfc062723c751e8b465ee728b)
Start importing Assets/Assets/FunctionRendering/Camera/EditorCamera.cs using Guid(7c2303e8aba3c2f46a67088490bd8f7a) Importer(815301076,1909f56bfc062723c751e8b465ee728b)  -> (artifact id: 'd265856bab03d563374ad37914c8cd70') in 0.005071 seconds
  Import took 0.006991 seconds .

========================================================================
Received Import Request.
  Time since last request: 1.601697 seconds.
  path: Assets/Assets/FunctionRendering/Camera/EditorCamera.cs
  artifactKey: Guid(7c2303e8aba3c2f46a67088490bd8f7a) Importer(815301076,1909f56bfc062723c751e8b465ee728b)
Start importing Assets/Assets/FunctionRendering/Camera/EditorCamera.cs using Guid(7c2303e8aba3c2f46a67088490bd8f7a) Importer(815301076,1909f56bfc062723c751e8b465ee728b)  -> (artifact id: 'd265856bab03d563374ad37914c8cd70') in 0.004263 seconds
  Import took 0.005935 seconds .

========================================================================
Received Prepare
Registering precompiled user dll's ...
Registered in 0.002805 seconds.
Begin MonoManager ReloadAssembly
Native extension for WindowsStandalone target not found
Refreshing native plugins compatible for Editor in 0.24 ms, found 0 plugins.
Preloading 0 native plugins for Editor in 0.00 ms.
Invoked RoslynAnalysisRunner static constructor.
RoslynAnalysisRunner will not be running.
RoslynAnalysisRunner has terminated.
Mono: successfully reloaded assembly
- Completed reload, in  0.768 seconds
Platform modules already initialized, skipping
Refreshing native plugins compatible for Editor in 0.24 ms, found 0 plugins.
Preloading 0 native plugins for Editor in 0.00 ms.
Unloading 1136 Unused Serialized files (Serialized files now loaded: 0)
System memory in use before: 60.9 MB.
System memory in use after: 61.0 MB.

Unloading 12 unused Assets to reduce memory usage. Loaded Objects now: 1614.
Total: 1.750300 ms (FindLiveObjects: 0.139200 ms CreateObjectMapping: 0.032600 ms MarkObjects: 1.493700 ms  DeleteObjects: 0.083900 ms)

========================================================================
Received Prepare
Registering precompiled user dll's ...
Registered in 0.002960 seconds.
Begin MonoManager ReloadAssembly
Native extension for WindowsStandalone target not found
Refreshing native plugins compatible for Editor in 0.25 ms, found 0 plugins.
Preloading 0 native plugins for Editor in 0.00 ms.
Invoked RoslynAnalysisRunner static constructor.
RoslynAnalysisRunner will not be running.
RoslynAnalysisRunner has terminated.
Mono: successfully reloaded assembly
- Completed reload, in  0.849 seconds
Platform modules already initialized, skipping
Refreshing native plugins compatible for Editor in 0.25 ms, found 0 plugins.
Preloading 0 native plugins for Editor in 0.00 ms.
Unloading 1136 Unused Serialized files (Serialized files now loaded: 0)
System memory in use before: 61.0 MB.
System memory in use after: 61.1 MB.

Unloading 12 unused Assets to reduce memory usage. Loaded Objects now: 1616.
Total: 1.501300 ms (FindLiveObjects: 0.129700 ms CreateObjectMapping: 0.038700 ms MarkObjects: 1.289900 ms  DeleteObjects: 0.041800 ms)

========================================================================
Received Prepare
Registering precompiled user dll's ...
Registered in 0.003134 seconds.
Begin MonoManager ReloadAssembly
Native extension for WindowsStandalone target not found
Refreshing native plugins compatible for Editor in 0.23 ms, found 0 plugins.
Preloading 0 native plugins for Editor in 0.00 ms.
Invoked RoslynAnalysisRunner static constructor.
RoslynAnalysisRunner will not be running.
RoslynAnalysisRunner has terminated.
Mono: successfully reloaded assembly
- Completed reload, in  0.809 seconds
Platform modules already initialized, skipping
Refreshing native plugins compatible for Editor in 0.27 ms, found 0 plugins.
Preloading 0 native plugins for Editor in 0.00 ms.
Unloading 1136 Unused Serialized files (Serialized files now loaded: 0)
System memory in use before: 61.1 MB.
System memory in use after: 61.2 MB.

Unloading 12 unused Assets to reduce memory usage. Loaded Objects now: 1618.
Total: 1.628100 ms (FindLiveObjects: 0.134100 ms CreateObjectMapping: 0.038000 ms MarkObjects: 1.414500 ms  DeleteObjects: 0.040500 ms)

AssetImportWorkerClient::OnTransportError - code=2 error=End of file
